This is pdfTeX, Version 3.1415926-2.3-1.40.12 (TeX Live 2011) (format=latex 2011.10.22)  13 MAR 2012 11:34
entering extended mode
 restricted \write18 enabled.
 %&-line parsing enabled.
**modelo.tex
(./modelo.tex
LaTeX2e <2009/09/24>
Babel <v3.8l> and hyphenation patterns for english, dumylang, nohyphenation, ba
sque, danish, dutch, finnish, french, german, ngerman, swissgerman, hungarian, 
italian, bokmal, nynorsk, polish, portuguese, spanish, swedish, loaded.
(/usr/local/texlive/2011basic/texmf-dist/tex/latex/base/book.cls
Document Class: book 2007/10/19 v1.4h Standard LaTeX document class
(/usr/local/texlive/2011basic/texmf-dist/tex/latex/base/bk11.clo
File: bk11.clo 2007/10/19 v1.4h Standard LaTeX file (size option)
)
\c@part=\count79
\c@chapter=\count80
\c@section=\count81
\c@subsection=\count82
\c@subsubsection=\count83
\c@paragraph=\count84
\c@subparagraph=\count85
\c@figure=\count86
\c@table=\count87
\abovecaptionskip=\skip41
\belowcaptionskip=\skip42
\bibindent=\dimen102
)
(/usr/local/texlive/2011basic/texmf-dist/tex/generic/babel/babel.sty
Package: babel 2008/07/06 v3.8l The Babel package

(/usr/local/texlive/2011basic/texmf-dist/tex/generic/babel/portuges.ldf
Language: portuges 2008/03/18 v1.2q Portuguese support from the babel system

(/usr/local/texlive/2011basic/texmf-dist/tex/generic/babel/babel.def
File: babel.def 2008/07/06 v3.8l Babel common definitions
\babel@savecnt=\count88
\U@D=\dimen103
)
\l@brazil = a dialect from \language\l@portuges 
Package babel Info: Making " an active character on input line 145.
))
(/usr/local/texlive/2011basic/texmf-dist/tex/latex/base/inputenc.sty
Package: inputenc 2008/03/30 v1.1d Input encoding file
\inpenc@prehook=\toks14
\inpenc@posthook=\toks15

(/usr/local/texlive/2011basic/texmf-dist/tex/latex/base/latin1.def
File: latin1.def 2008/03/30 v1.1d Input encoding file
))
(/usr/local/texlive/2011basic/texmf-dist/tex/latex/base/fontenc.sty
Package: fontenc 2005/09/27 v1.99g Standard LaTeX package

(/usr/local/texlive/2011basic/texmf-dist/tex/latex/base/t1enc.def
File: t1enc.def 2005/09/27 v1.99g Standard LaTeX file
LaTeX Font Info:    Redeclaring font encoding T1 on input line 43.
))
(/usr/local/texlive/2011basic/texmf-dist/tex/latex/graphics/graphicx.sty
Package: graphicx 1999/02/16 v1.0f Enhanced LaTeX Graphics (DPC,SPQR)

(/usr/local/texlive/2011basic/texmf-dist/tex/latex/graphics/keyval.sty
Package: keyval 1999/03/16 v1.13 key=value parser (DPC)
\KV@toks@=\toks16
)
(/usr/local/texlive/2011basic/texmf-dist/tex/latex/graphics/graphics.sty
Package: graphics 2009/02/05 v1.0o Standard LaTeX Graphics (DPC,SPQR)

(/usr/local/texlive/2011basic/texmf-dist/tex/latex/graphics/trig.sty
Package: trig 1999/03/16 v1.09 sin cos tan (DPC)
)
(/usr/local/texlive/2011basic/texmf-dist/tex/latex/latexconfig/graphics.cfg
File: graphics.cfg 2010/04/23 v1.9 graphics configuration of TeX Live
)
Package graphics Info: Driver file: dvips.def on input line 91.

(/usr/local/texlive/2011basic/texmf-dist/tex/latex/graphics/dvips.def
File: dvips.def 1999/02/16 v3.0i Driver-dependant file (DPC,SPQR)
))
\Gin@req@height=\dimen104
\Gin@req@width=\dimen105
)
(/usr/local/texlive/2011basic/texmf-dist/tex/latex/amsfonts/amsfonts.sty
Package: amsfonts 2009/06/22 v3.00 Basic AMSFonts support
\@emptytoks=\toks17
\symAMSa=\mathgroup4
\symAMSb=\mathgroup5
LaTeX Font Info:    Overwriting math alphabet `\mathfrak' in version `bold'
(Font)                  U/euf/m/n --> U/euf/b/n on input line 96.
)
(/usr/local/texlive/2011basic/texmf-dist/tex/latex/amsfonts/amssymb.sty
Package: amssymb 2009/06/22 v3.00
)
(/usr/local/texlive/2011basic/texmf-dist/tex/latex/tools/indentfirst.sty
Package: indentfirst 1995/11/23 v1.03 Indent first paragraph (DPC)
)
(/usr/local/texlive/2011basic/texmf-dist/tex/latex/caption/caption.sty
Package: caption 2010/01/09 v3.1m Customizing captions (AR)

(/usr/local/texlive/2011basic/texmf-dist/tex/latex/caption/caption3.sty
Package: caption3 2010/01/14 v3.1m caption3 kernel (AR)
\captionmargin=\dimen106
\captionmargin@=\dimen107
\captionwidth=\dimen108
\caption@indent=\dimen109
\caption@parindent=\dimen110
\caption@hangindent=\dimen111
)
\c@ContinuedFloat=\count89
)
(/usr/local/texlive/2011basic/texmf-dist/tex/latex/url/url.sty
\Urlmuskip=\muskip10
Package: url 2006/04/12  ver 3.3  Verb mode for urls, etc.
) (./multirow.sty
\bigstrutjot=\dimen112
) (./algorithm2e.sty
Package: algorithm2e 2005/10/04 v3.9 algorithms environments
\c@AlgoLine=\count90

(/usr/local/texlive/2011basic/texmf-dist/tex/latex/base/ifthen.sty
Package: ifthen 2001/05/26 v1.1c Standard LaTeX ifthen package (DPC)
)
(/usr/local/texlive/2011basic/texmf-dist/tex/latex/tools/xspace.sty
Package: xspace 2006/05/08 v1.12 Space after command names (DPC,MH)
)
********************************************************
Package `algorithm2e' Release 3.9 -- october 04 2005 --
- algorithm2e-announce@lirmm.fr mailing list for announcement about releases
- algorithm2e-discussion@lirmm.fr mailing list for discussion about package
subscribe by emailing sympa@lirmm.fr with 'subscribe <list> <firstname name>'
- Author: Christophe Fiorio (fiorio@lirmm.fr)
********************************************************
\skiptotal=\skip43
\skiprule=\skip44
\skiphlne=\skip45
\skiptext=\skip46
\skiplength=\skip47
\algomargin=\skip48
\skipalgocfslide=\skip49
\algowidth=\dimen113
\inoutsize=\dimen114
\inoutline=\dimen115
\algocf@inoutbox=\box26
\algocf@inputbox=\box27
\AlCapSkip=\skip50
\AlCapHSkip=\skip51
\algocf@capbox=\box28
\c@algocfline=\count91
\c@algocf=\count92
\algocf@algoframe=\box29
\algocf@algobox=\box30
) (/usr/local/texlive/2011basic/texmf-dist/tex/latex/fancyhdr/fancyhdr.sty
\fancy@headwidth=\skip52
\f@ncyO@elh=\skip53
\f@ncyO@erh=\skip54
\f@ncyO@olh=\skip55
\f@ncyO@orh=\skip56
\f@ncyO@elf=\skip57
\f@ncyO@erf=\skip58
\f@ncyO@olf=\skip59
\f@ncyO@orf=\skip60
)
(./titlesec.sty
Package: titlesec 2007/08/12 v2.8 Sectioning titles
\ttl@box=\box31
\beforetitleunit=\skip61
\aftertitleunit=\skip62
\ttl@plus=\dimen116
\ttl@minus=\dimen117
\ttl@toksa=\toks18
\titlewidth=\dimen118
\titlewidthlast=\dimen119
\titlewidthfirst=\dimen120
) (./modelo.aux (./capa.aux) (./resumo.aux) (./cap1.aux)
(./cap2.aux) (./cap3.aux) (./cap4.aux) (./cap5.aux) (./apendice.aux))
\openout1 = `modelo.aux'.

LaTeX Font Info:    Checking defaults for OML/cmm/m/it on input line 44.
LaTeX Font Info:    ... okay on input line 44.
LaTeX Font Info:    Checking defaults for T1/cmr/m/n on input line 44.
LaTeX Font Info:    ... okay on input line 44.
LaTeX Font Info:    Checking defaults for OT1/cmr/m/n on input line 44.
LaTeX Font Info:    ... okay on input line 44.
LaTeX Font Info:    Checking defaults for OMS/cmsy/m/n on input line 44.
LaTeX Font Info:    ... okay on input line 44.
LaTeX Font Info:    Checking defaults for OMX/cmex/m/n on input line 44.
LaTeX Font Info:    ... okay on input line 44.
LaTeX Font Info:    Checking defaults for U/cmr/m/n on input line 44.
LaTeX Font Info:    ... okay on input line 44.
Package caption Info: Begin \AtBeginDocument code.
Package caption Info: End \AtBeginDocument code.
\openout2 = `capa.aux'.


(./capa.tex) [1


]
\openout2 = `resumo.aux'.

 (./resumo.tex) [2


] (./modelo.toc
LaTeX Font Info:    Try loading font information for U+msa on input line 8.

(/usr/local/texlive/2011basic/texmf-dist/tex/latex/amsfonts/umsa.fd
File: umsa.fd 2009/06/22 v3.00 AMS symbols A
)
LaTeX Font Info:    Try loading font information for U+msb on input line 8.

(/usr/local/texlive/2011basic/texmf-dist/tex/latex/amsfonts/umsb.fd
File: umsb.fd 2009/06/22 v3.00 AMS symbols B
))
\tf@toc=\write3
\openout3 = `modelo.toc'.

 [3


]
(./modelo.lof)
\tf@lof=\write4
\openout4 = `modelo.lof'.

 [4

] (./modelo.lot)
\tf@lot=\write5
\openout5 = `modelo.lot'.

 [5

]
\openout2 = `cap1.aux'.

 (./cap1.tex
Cap\'{\i }tulo 1.
) [6


]
\openout2 = `cap2.aux'.

 (./cap2.tex
Cap\'{\i }tulo 2.
LaTeX Font Info:    Try loading font information for T1+cmtt on input line 12.
(/usr/local/texlive/2011basic/texmf-dist/tex/latex/base/t1cmtt.fd
File: t1cmtt.fd 1999/05/25 v2.5h Standard LaTeX font definitions
)
Underfull \hbox (badness 3168) in paragraph at lines 29--32
[]\T1/cmr/m/n/10.95 A ci-ta-ção deste li-vro se faz da se-guinte forma []\T1/cm
tt/m/n/10.95 \cite{linked} \T1/cmr/m/n/10.95 e o re-sul-
 []


Underfull \hbox (badness 1838) in paragraph at lines 29--32
\T1/cmr/m/n/10.95 tado fica as-sim [[]]. Para os ar-ti-gos em \T1/cmr/m/it/10.9
5 jour-nals\T1/cmr/m/n/10.95 , veja por exem-
 []

[7



]) [8]
\openout2 = `cap3.aux'.

 (./cap3.tex
Cap\'{\i }tulo 3.
) [9



]
\openout2 = `cap4.aux'.

 (./cap4.tex
Cap\'{\i }tulo 4.

Package caption Warning: \label before \caption on input line 42.
See the caption package documentation for explanation.


LaTeX Warning: Reference `tab:valores' on page 10 undefined on input line 19.


Package caption Warning: \label before \caption on input line 67.
See the caption package documentation for explanation.


LaTeX Warning: Reference `tab:exemplo' on page 10 undefined on input line 47.


Package caption Warning: \label before \caption on input line 85.
See the caption package documentation for explanation.


LaTeX Warning: Reference `fig:grafomediana' on page 10 undefined on input line 
76.


Package caption Warning: \label before \caption on input line 85.
See the caption package documentation for explanation.


LaTeX Warning: Reference `fig:grafomediana' on page 10 undefined on input line 
76.

File: ./graficos/GrauMediana.eps Graphic file (type eps)
<./graficos/GrauMediana.eps>
File: ./graficos/acessohoradia.eps Graphic file (type eps)
 <./graficos/acessohoradia.eps>
File: ./graficos/usersXsessionsPDFCDF.eps Graphic file (type eps)

<./graficos/usersXsessionsPDFCDF.eps>
File: ./graficos/usersXhotspotsPDFCDF.eps Graphic file (type eps)
 <./graficos/usersXhotspotsPDFCDF.eps>
[10



]
File: ./graficos/ilesansfil-core.eps Graphic file (type eps)
 <./graficos/ilesansfil-core.eps> [11]
Underfull \hbox (badness 10000) detected at line 179
[][]
 []

) [12] [13]
\openout2 = `cap5.aux'.

 (./cap5.tex
Cap\'{\i }tulo 5.
) [14



]
\openout2 = `apendice.aux'.


No file apendice.tex.
(./modelo.bbl) [15




] (./modelo.aux (./capa.aux) (./resumo.aux) (./cap1.aux)
(./cap2.aux) (./cap3.aux) (./cap4.aux) (./cap5.aux) (./apendice.aux))

LaTeX Warning: There were undefined references.

 ) 
Here is how much of TeX's memory you used:
 4009 strings out of 494753
 53927 string characters out of 3171042
 140202 words of memory out of 3000000
 7114 multiletter control sequences out of 15000+200000
 19188 words of font info for 53 fonts, out of 3000000 for 9000
 166 hyphenation exceptions out of 8191
 36i,12n,43p,283b,335s stack positions out of 5000i,500n,10000p,200000b,50000s

Output written on modelo.dvi (15 pages, 22784 bytes).
